0 info it worked if it ends with ok
1 verbose cli [ 'node', '/usr/local/bin/npm', 'publish' ]
2 info using npm@2.1.2
3 info using node@v0.10.15
4 verbose node symlink /usr/bin/node
5 verbose publish [ '.' ]
6 silly cache add args [ '.', null ]
7 verbose cache add spec .
8 silly cache add parsed spec { raw: '.',
8 silly cache add   scope: null,
8 silly cache add   name: null,
8 silly cache add   rawSpec: '.',
8 silly cache add   spec: '/home/zvm/bg/npm/z-redis-cosher',
8 silly cache add   type: 'local' }
9 verbose cache add local package /home/zvm/bg/npm/z-redis-cosher
10 verbose tar pack [ '/home/zvm/.npm/z-redis-cosher/0.1.3/package.tgz', '.' ]
11 verbose tarball /home/zvm/.npm/z-redis-cosher/0.1.3/package.tgz
12 verbose folder .
13 info prepublish z-redis-cosher@0.1.3
14 verbose addLocalTarball adding from inside cache /home/zvm/.npm/z-redis-cosher/0.1.3/package.tgz
15 silly publish { name: 'z-redis-cosher',
15 silly publish   version: '0.1.3',
15 silly publish   description: 'z-redis-cosher',
15 silly publish   main: 'lib/cosher.js',
15 silly publish   scripts: { test: 'echo "Error: no test specified" && exit 1' },
15 silly publish   dependencies: { 'z-lib': '*', 'z-lib-uuid': '*', redis: '*' },
15 silly publish   repository:
15 silly publish    { type: 'git',
15 silly publish      url: 'https://github.com/Zibx/z-redis-cosher.git' },
15 silly publish   keywords: [ 'redis', 'cache' ],
15 silly publish   author: { name: 'Zibx' },
15 silly publish   license: 'MIT',
15 silly publish   bugs: { url: 'https://github.com/Zibx/z-redis-cosher/issues' },
15 silly publish   homepage: 'https://github.com/Zibx/z-redis-cosher',
15 silly publish   gitHead: '10db39cc2b02819ae903503fd40780e5f5f06874',
15 silly publish   readme: 'ERROR: No README data found!',
15 silly publish   _id: 'z-redis-cosher@0.1.3',
15 silly publish   _shasum: '2cf0c7090d3fd0c4e793d395ed6b74119a16f435',
15 silly publish   _from: '.' }
16 verbose mapToRegistry name z-redis-cosher
17 verbose mapToRegistry uri https://registry.npmjs.org/z-redis-cosher
18 verbose publish registryBase https://registry.npmjs.org/
19 verbose request on initialization, where is /z-redis-cosher
20 verbose request after pass 1, where is /z-redis-cosher
21 verbose request url raw /z-redis-cosher
22 verbose request resolving registry [ 'https://registry.npmjs.org/', './z-redis-cosher' ]
23 verbose request after pass 2, where is https://registry.npmjs.org/z-redis-cosher
24 verbose request sending authorization for write operation
25 info attempt registry request try #1 at 20:24:55
26 verbose request id 83bb447e693acf75
27 http request PUT https://registry.npmjs.org/z-redis-cosher
28 http 403 https://registry.npmjs.org/z-redis-cosher
29 verbose headers { date: 'Thu, 18 Dec 2014 16:24:55 GMT',
29 verbose headers   server: 'CouchDB/1.5.0 (Erlang OTP/R16B03)',
29 verbose headers   'content-type': 'application/json',
29 verbose headers   'cache-control': 'max-age=60',
29 verbose headers   'content-length': '2283',
29 verbose headers   'accept-ranges': 'bytes',
29 verbose headers   via: '1.1 varnish',
29 verbose headers   'x-served-by': 'cache-fra1233-FRA',
29 verbose headers   'x-cache': 'MISS',
29 verbose headers   'x-cache-hits': '0',
29 verbose headers   'x-timer': 'S1418919895.157107,VS0,VE185',
29 verbose headers   'keep-alive': 'timeout=10, max=50',
29 verbose headers   connection: 'Keep-Alive' }
30 error publish Failed PUT 403
31 verbose stack Error: forbidden cannot modify pre-existing version: 0.1.3
31 verbose stack old={"name":"z-redis-cosher","version":"0.1.3","description":"z-redis-cosher","main":"lib/cosher.js","scripts":{"test":"echo \"Error: no test specified\" && exit 1"},"dependencies":{"z-lib":"*","z-lib-uuid":"*","redis":"*"},"repository":{"type":"git","url":"https://github.com/Zibx/z-redis-cosher.git"},"keywords":["redis","cache"],"author":{"name":"Zibx"},"license":"MIT","bugs":{"url":"https://github.com/Zibx/z-redis-cosher/issues"},"homepage":"https://github.com/Zibx/z-redis-cosher","gitHead":"10db39cc2b02819ae903503fd40780e5f5f06874","_id":"z-redis-cosher@0.1.3","_shasum":"2cf0c7090d3fd0c4e793d395ed6b74119a16f435","_from":".","_npmVersion":"2.1.2","_nodeVersion":"0.10.15","_npmUser":{"name":"zibx","email":"zibx.mail+npm@gmail.com"},"maintainers":[{"name":"zibx","email":"zibx.mail+npm@gmail.com"}],"dist":{"shasum":"2cf0c7090d3fd0c4e793d395ed6b74119a16f435","tarball":"http://registry.npmjs.org/z-redis-cosher/-/z-redis-cosher-0.1.3.tgz"}}
31 verbose stack new={"name":"z-redis-cosher","version":"0.1.3","description":"z-redis-cosher","main":"lib/cosher.js","scripts":{"test":"echo \"Error: no test specified\" && exit 1"},"dependencies":{"z-lib":"*","z-lib-uuid":"*","redis":"*"},"repository":{"type":"git","url":"https://github.com/Zibx/z-redis-cosher.git"},"keywords":["redis","cache"],"author":{"name":"Zibx"},"license":"MIT","bugs":{"url":"https://github.com/Zibx/z-redis-cosher/issues"},"homepage":"https://github.com/Zibx/z-redis-cosher","gitHead":"10db39cc2b02819ae903503fd40780e5f5f06874","readme":"ERROR: No README data found!","_id":"z-redis-cosher@0.1.3","_shasum":"2cf0c7090d3fd0c4e793d395ed6b74119a16f435","_from":".","_npmVersion":"2.1.2","_nodeVersion":"0.10.15","_npmUser":{"name":"zibx","email":"zibx.mail+npm@gmail.com"},"maintainers":[{"name":"zibx","email":"zibx.mail+npm@gmail.com"}],"dist":{"shasum":"2cf0c7090d3fd0c4e793d395ed6b74119a16f435","tarball":"http://registry.npmjs.org/z-redis-cosher/-/z-redis-cosher-0.1.3.tgz"}}: z-redis-cosher
31 verbose stack     at RegClient.<anonymous> (/usr/local/lib/node_modules/npm/node_modules/npm-registry-client/lib/request.js:260:14)
31 verbose stack     at Request._callback (/usr/local/lib/node_modules/npm/node_modules/npm-registry-client/lib/request.js:197:65)
31 verbose stack     at Request.self.callback (/usr/local/lib/node_modules/npm/node_modules/request/request.js:237:22)
31 verbose stack     at Request.EventEmitter.emit (events.js:98:17)
31 verbose stack     at Request.<anonymous> (/usr/local/lib/node_modules/npm/node_modules/request/request.js:1146:14)
31 verbose stack     at Request.EventEmitter.emit (events.js:117:20)
31 verbose stack     at IncomingMessage.<anonymous> (/usr/local/lib/node_modules/npm/node_modules/request/request.js:1097:12)
31 verbose stack     at IncomingMessage.EventEmitter.emit (events.js:117:20)
31 verbose stack     at _stream_readable.js:910:16
31 verbose stack     at process._tickCallback (node.js:415:13)
32 verbose statusCode 403
33 verbose pkgid z-redis-cosher
34 verbose cwd /home/zvm/bg/npm/z-redis-cosher
35 error Linux 3.11.0-12-generic
36 error argv "node" "/usr/local/bin/npm" "publish"
37 error node v0.10.15
38 error npm  v2.1.2
39 error code E403
40 error forbidden cannot modify pre-existing version: 0.1.3
40 error old={"name":"z-redis-cosher","version":"0.1.3","description":"z-redis-cosher","main":"lib/cosher.js","scripts":{"test":"echo \"Error: no test specified\" && exit 1"},"dependencies":{"z-lib":"*","z-lib-uuid":"*","redis":"*"},"repository":{"type":"git","url":"https://github.com/Zibx/z-redis-cosher.git"},"keywords":["redis","cache"],"author":{"name":"Zibx"},"license":"MIT","bugs":{"url":"https://github.com/Zibx/z-redis-cosher/issues"},"homepage":"https://github.com/Zibx/z-redis-cosher","gitHead":"10db39cc2b02819ae903503fd40780e5f5f06874","_id":"z-redis-cosher@0.1.3","_shasum":"2cf0c7090d3fd0c4e793d395ed6b74119a16f435","_from":".","_npmVersion":"2.1.2","_nodeVersion":"0.10.15","_npmUser":{"name":"zibx","email":"zibx.mail+npm@gmail.com"},"maintainers":[{"name":"zibx","email":"zibx.mail+npm@gmail.com"}],"dist":{"shasum":"2cf0c7090d3fd0c4e793d395ed6b74119a16f435","tarball":"http://registry.npmjs.org/z-redis-cosher/-/z-redis-cosher-0.1.3.tgz"}}
40 error new={"name":"z-redis-cosher","version":"0.1.3","description":"z-redis-cosher","main":"lib/cosher.js","scripts":{"test":"echo \"Error: no test specified\" && exit 1"},"dependencies":{"z-lib":"*","z-lib-uuid":"*","redis":"*"},"repository":{"type":"git","url":"https://github.com/Zibx/z-redis-cosher.git"},"keywords":["redis","cache"],"author":{"name":"Zibx"},"license":"MIT","bugs":{"url":"https://github.com/Zibx/z-redis-cosher/issues"},"homepage":"https://github.com/Zibx/z-redis-cosher","gitHead":"10db39cc2b02819ae903503fd40780e5f5f06874","readme":"ERROR: No README data found!","_id":"z-redis-cosher@0.1.3","_shasum":"2cf0c7090d3fd0c4e793d395ed6b74119a16f435","_from":".","_npmVersion":"2.1.2","_nodeVersion":"0.10.15","_npmUser":{"name":"zibx","email":"zibx.mail+npm@gmail.com"},"maintainers":[{"name":"zibx","email":"zibx.mail+npm@gmail.com"}],"dist":{"shasum":"2cf0c7090d3fd0c4e793d395ed6b74119a16f435","tarball":"http://registry.npmjs.org/z-redis-cosher/-/z-redis-cosher-0.1.3.tgz"}}: z-redis-cosher
41 error If you need help, you may report this error at:
41 error     <http://github.com/npm/npm/issues>
42 verbose exit [ 1, true ]
